<?xml version="1.0" encoding="UTF-8"?>
<!-- Generated by org.testng.reporters.JUnitReportReporter -->
<testsuite skipped="0" hostname="LAPTOP-G5I9IAS6" name="tests.PlanitTests" tests="7" failures="0" timestamp="03 Mar 2023 07:51:13 GMT" time="145.655" errors="0">
  <testcase name="test1" time="99.684" classname="tests.PlanitTests"/>
  <testcase name="test2" time="6.216" classname="tests.PlanitTests"/>
  <testcase name="test3" time="3.204" classname="tests.PlanitTests"/>
  <testcase name="test2" time="9.682" classname="tests.PlanitTests"/>
  <testcase name="test2" time="7.514" classname="tests.PlanitTests"/>
  <testcase name="test2" time="10.211" classname="tests.PlanitTests"/>
  <testcase name="test2" time="9.144" classname="tests.PlanitTests"/>
</testsuite> <!-- tests.PlanitTests -->
